{"numTotalTestSuites":185,"numPassedTestSuites":185,"numFailedTestSuites":0,"numPendingTestSuites":0,"numTotalTests":679,"numPassedTests":679,"numFailedTests":0,"numPendingTests":0,"numTodoTests":0,"snapshot":{"added":0,"failure":false,"filesAdded":0,"filesRemoved":0,"filesRemovedList":[],"filesUnmatched":0,"filesUpdated":0,"matched":0,"total":0,"unchecked":0,"uncheckedKeysByFile":[],"unmatched":0,"updated":0,"didUpdate":false},"startTime":1782998613300,"success":true,"testResults":[{"assertionResults":[{"ancestorTitles":["BatchImageProcessor orchestration"],"fullName":"BatchImageProcessor orchestration 4.2 Single file: processes, renames when format differs, writes, and updates links","status":"passed","title":"4.2 Single file: processes, renames when format differs, writes, and updates links","duration":18.061222999999927,"failureMessages":[],"meta":{}},{"ancestorTitles":["BatchImageProcessor orchestration"],"fullName":"BatchImageProcessor orchestration 4.1 Sequential processing across multiple files and progress updates","status":"passed","title":"4.1 Sequential processing across multiple files and progress updates","duration":5.5829729999999245,"failureMessages":[],"meta":{}},{"ancestorTitles":["BatchImageProcessor orchestration"],"fullName":"BatchImageProcessor orchestration 4.10 Skipping rules: files in skipFormats are skipped","status":"passed","title":"4.10 Skipping rules: files in skipFormats are skipped","duration":4.012775000000033,"failureMessages":[],"meta":{}},{"ancestorTitles":["BatchImageProcessor orchestration"],"fullName":"BatchImageProcessor orchestration 4.11 Early no-op: when disabled + quality=1 + resize=None → early exit","status":"passed","title":"4.11 Early no-op: when disabled + quality=1 + resize=None → early exit","duration":4.923424999999952,"failureMessages":[],"meta":{}},{"ancestorTitles":["BatchImageProcessor orchestration"],"fullName":"BatchImageProcessor orchestration 4.10 Skip target format (note): when convertTo=webp and skipImagesInTargetFormat=true, webp files are skipped","status":"passed","title":"4.10 Skip target format (note): when convertTo=webp and skipImagesInTargetFormat=true, webp files are skipped","duration":4.58712300000002,"failureMessages":[],"meta":{}},{"ancestorTitles":["BatchImageProcessor — Progress, scope, and error behaviors"],"fullName":"BatchImageProcessor — Progress, scope, and error behaviors 4.3 Given multiple files, When processing runs, Then progress shows \"Processing image X of N\"","status":"passed","title":"4.3 Given multiple files, When processing runs, Then progress shows \"Processing image X of N\"","duration":12.004403000000025,"failureMessages":[],"meta":{}},{"ancestorTitles":["BatchImageProcessor — Progress, scope, and error behaviors"],"fullName":"BatchImageProcessor — Progress, scope, and error behaviors 4.6 Given two notes link an image, When processing current note, Then only that note's links are updated","status":"passed","title":"4.6 Given two notes link an image, When processing current note, Then only that note's links are updated","duration":11.04854899999998,"failureMessages":[],"meta":{}},{"ancestorTitles":["BatchImageProcessor — Progress, scope, and error behaviors"],"fullName":"BatchImageProcessor — Progress, scope, and error behaviors 4.8 Given a run, When completed, Then status item removed after delay","status":"passed","title":"4.8 Given a run, When completed, Then status item removed after delay","duration":10.21250800000007,"failureMessages":[],"meta":{}},{"ancestorTitles":["BatchImageProcessor — Progress, scope, and error behaviors"],"fullName":"BatchImageProcessor — Progress, scope, and error behaviors 4.8 Completion summary: shows \"Finished processing X images, total time: Y seconds\"","status":"passed","title":"4.8 Completion summary: shows \"Finished processing X images, total time: Y seconds\"","duration":5.125739999999951,"failureMessages":[],"meta":{}},{"ancestorTitles":["BatchImageProcessor — Progress, scope, and error behaviors"],"fullName":"BatchImageProcessor — Progress, scope, and error behaviors 4.9 Given renamed file cannot be retrieved, When continuing, Then skip that file and continue others","status":"passed","title":"4.9 Given renamed file cannot be retrieved, When continuing, Then skip that file and continue others","duration":4.0480960000001005,"failureMessages":[],"meta":{}},{"ancestorTitles":["BatchImageProcessor — Progress, scope, and error behaviors"],"fullName":"BatchImageProcessor — Progress, scope, and error behaviors 23.7 Per-file processing error: processImage throws -> skips that file and continues others","status":"passed","title":"23.7 Per-file processing error: processImage throws -> skips that file and continues others","duration":3.4764020000000073,"failureMessages":[],"meta":{}},{"ancestorTitles":["BatchImageProcessor — Progress, scope, and error behaviors"],"fullName":"BatchImageProcessor — Progress, scope, and error behaviors 26.3 Extremely large image read failure: readBinary throws -> skips that file and continues others","status":"passed","title":"26.3 Extremely large image read failure: readBinary throws -> skips that file and continues others","duration":3.423983000000021,"failureMessages":[],"meta":{}},{"ancestorTitles":["BatchImageProcessor — Progress, scope, and error behaviors"],"fullName":"BatchImageProcessor — Progress, scope, and error behaviors 23.8 Long operations: processing awaits each image sequentially (no concurrency)","status":"passed","title":"23.8 Long operations: processing awaits each image sequentially (no concurrency)","duration":6.454687999999919,"failureMessages":[],"meta":{}},{"ancestorTitles":["BatchImageProcessor — Progress, scope, and error behaviors"],"fullName":"BatchImageProcessor — Progress, scope, and error behaviors 23.3 Permission denied / disk full on write: modifyBinary throws -> skips that item and continues others","status":"passed","title":"23.3 Permission denied / disk full on write: modifyBinary throws -> skips that item and continues others","duration":2.5243429999999307,"failureMessages":[],"meta":{}},{"ancestorTitles":["BatchImageProcessor — Progress, scope, and error behaviors"],"fullName":"BatchImageProcessor — Progress, scope, and error behaviors 23.1 External URLs are ignored: http/https image links do not trigger processing or writes","status":"passed","title":"23.1 External URLs are ignored: http/https image links do not trigger processing or writes","duration":4.3665340000000015,"failureMessages":[],"meta":{}},{"ancestorTitles":["BatchImageProcessor — Progress, scope, and error behaviors"],"fullName":"BatchImageProcessor — Progress, scope, and error behaviors 23.2 Missing file: unresolved link is skipped and remaining items continue","status":"passed","title":"23.2 Missing file: unresolved link is skipped and remaining items continue","duration":5.548946000000001,"failureMessages":[],"meta":{}},{"ancestorTitles":["BatchImageProcessor — Progress, scope, and error behaviors"],"fullName":"BatchImageProcessor — Progress, scope, and error behaviors 23.5 Duplicate references: same image referenced twice processed once","status":"passed","title":"23.5 Duplicate references: same image referenced twice processed once","duration":3.0616919999999936,"failureMessages":[],"meta":{}}],"startTime":1782998624215,"endTime":1782998624325.0618,"status":"passed","message":"","name":"/home/runner/work/obsidian-image-converter/obsidian-image-converter/tests/integration/batch/BatchImageProcessor.test.ts"},{"assertionResults":[{"ancestorTitles":["BatchImageProcessor — Vault-wide orchestration"],"fullName":"BatchImageProcessor — Vault-wide orchestration 4.7/4.14 Given duplicates across notes/canvas, When processing vault-wide, Then each image processed once (dedup) and links updated everywhere","status":"passed","title":"4.7/4.14 Given duplicates across notes/canvas, When processing vault-wide, Then each image processed once (dedup) and links updated everywhere","duration":9.057216999999923,"failureMessages":[],"meta":{}},{"ancestorTitles":["BatchImageProcessor — Vault-wide orchestration"],"fullName":"BatchImageProcessor — Vault-wide orchestration 4.12 Given convertTo set, When renaming, Then new filenames use target extension and conflicts handled","status":"passed","title":"4.12 Given convertTo set, When renaming, Then new filenames use target extension and conflicts handled","duration":3.467010000000073,"failureMessages":[],"meta":{}},{"ancestorTitles":["BatchImageProcessor — Vault-wide orchestration"],"fullName":"BatchImageProcessor — Vault-wide orchestration 4.12 Given convertTo=disabled (ORIGINAL), When processing, Then files are NOT renamed","status":"passed","title":"4.12 Given convertTo=disabled (ORIGINAL), When processing, Then files are NOT renamed","duration":4.716036000000031,"failureMessages":[],"meta":{}},{"ancestorTitles":["BatchImageProcessor — Vault-wide orchestration"],"fullName":"BatchImageProcessor — Vault-wide orchestration 4.10 Skip target format (vault): when convertTo=webp and skipImagesInTargetFormat=true, webp files are skipped","status":"passed","title":"4.10 Skip target format (vault): when convertTo=webp and skipImagesInTargetFormat=true, webp files are skipped","duration":7.490635999999995,"failureMessages":[],"meta":{}},{"ancestorTitles":["BatchImageProcessor — Vault-wide orchestration"],"fullName":"BatchImageProcessor — Vault-wide orchestration 4.13 Given fixed inputs, When processing vault-wide, Then order of processing is stable","status":"passed","title":"4.13 Given fixed inputs, When processing vault-wide, Then order of processing is stable","duration":7.2277820000000474,"failureMessages":[],"meta":{}},{"ancestorTitles":["ProcessAllVaultModal UI basics (Phase 7: 10.1–10.7 subset)"],"fullName":"ProcessAllVaultModal UI basics (Phase 7: 10.1–10.7 subset) 10.6 Warning banner is present","status":"passed","title":"10.6 Warning banner is present","duration":19.221832999999947,"failureMessages":[],"meta":{}},{"ancestorTitles":["ProcessAllVaultModal UI basics (Phase 7: 10.1–10.7 subset)"],"fullName":"ProcessAllVaultModal UI basics (Phase 7: 10.1–10.7 subset) 10.7 Clicking Process All Images triggers processor","status":"passed","title":"10.7 Clicking Process All Images triggers processor","duration":11.461099999999988,"failureMessages":[],"meta":{}},{"ancestorTitles":["ProcessAllVaultModal UI basics (Phase 7: 10.1–10.7 subset)"],"fullName":"ProcessAllVaultModal UI basics (Phase 7: 10.1–10.7 subset) 10.1–10.5: UI selections update plugin settings (propagation to BatchImageProcessor inputs)","status":"passed","title":"10.1–10.5: UI selections update plugin settings (propagation to BatchImageProcessor inputs)","duration":13.213020000000029,"failureMessages":[],"meta":{}},{"ancestorTitles":["ProcessAllVaultModal UI basics (Phase 7: 10.1–10.7 subset)"],"fullName":"ProcessAllVaultModal UI basics (Phase 7: 10.1–10.7 subset) 10.1 Starting processing invokes vault-wide processor (scanning/dedup covered in Batch tests)","status":"passed","title":"10.1 Starting processing invokes vault-wide processor (scanning/dedup covered in Batch tests)","duration":20.682682999999997,"failureMessages":[],"meta":{}},{"ancestorTitles":["ProcessAllVaultModal UI basics (Phase 7: 10.1–10.7 subset)"],"fullName":"ProcessAllVaultModal UI basics (Phase 7: 10.1–10.7 subset) 10.2/10.3/10.4 UI selections for skip formats and skip target are applied when starting","status":"passed","title":"10.2/10.3/10.4 UI selections for skip formats and skip target are applied when starting","duration":6.149389000000042,"failureMessages":[],"meta":{}}],"startTime":1782998623654,"endTime":1782998623758.1494,"status":"passed","message":"","name":"/home/runner/work/obsidian-image-converter/obsidian-image-converter/tests/integration/batch/ProcessAllVault.test.ts"},{"assertionResults":[{"ancestorTitles":["BatchImageProcessor — Folder processing (recursive, skipFormats)"],"fullName":"BatchImageProcessor — Folder processing (recursive, skipFormats) 4.4 Given processImagesInFolder, When skipFormats set, Then those extensions are skipped and links are not updated","status":"passed","title":"4.4 Given processImagesInFolder, When skipFormats set, Then those extensions are skipped and links are not updated","duration":9.23279500000001,"failureMessages":[],"meta":{}},{"ancestorTitles":["BatchImageProcessor — Folder processing (recursive, skipFormats)"],"fullName":"BatchImageProcessor — Folder processing (recursive, skipFormats) 4.5 Given recursive flag, When true vs false, Then subfolder files are included only when true","status":"passed","title":"4.5 Given recursive flag, When true vs false, Then subfolder files are included only when true","duration":5.062577000000033,"failureMessages":[],"meta":{}},{"ancestorTitles":["BatchImageProcessor — Folder processing (recursive, skipFormats)"],"fullName":"BatchImageProcessor — Folder processing (recursive, skipFormats) 4.6 Linked mode — Given note in folder links images outside folder, When processing linked images, Then images are processed and note links updated","status":"passed","title":"4.6 Linked mode — Given note in folder links images outside folder, When processing linked images, Then images are processed and note links updated","duration":6.766893999999979,"failureMessages":[],"meta":{}}],"startTime":1782998627258,"endTime":1782998627279.7668,"status":"passed","message":"","name":"/home/runner/work/obsidian-image-converter/obsidian-image-converter/tests/integration/batch/ProcessImagesInFolder.test.ts"},{"assertionResults":[{"ancestorTitles":["Integration-lite: FFmpegAvifAdapter"],"fullName":"Integration-lite: FFmpegAvifAdapter 1.35 [I] Happy path: detects encoder, uses -b:v 0 and -frames:v 1, reads temp file, deletes it","status":"passed","title":"1.35 [I] Happy path: detects encoder, uses -b:v 0 and -frames:v 1, reads temp file, deletes it","duration":23.191622999999936,"failureMessages":[],"meta":{}},{"ancestorTitles":["Integration-lite: FFmpegAvifAdapter"],"fullName":"Integration-lite: FFmpegAvifAdapter 1.36 [I] Alpha path: uses filter_complex with dual streams for proper alpha encoding","status":"passed","title":"1.36 [I] Alpha path: uses filter_complex with dual streams for proper alpha encoding","duration":11.914849000000004,"failureMessages":[],"meta":{}},{"ancestorTitles":["Integration-lite: FFmpegAvifAdapter"],"fullName":"Integration-lite: FFmpegAvifAdapter 1.37 [I] Missing path or failure: returns original bytes and cleans up temp on failure","status":"passed","title":"1.37 [I] Missing path or failure: returns original bytes and cleans up temp on failure","duration":11.20668599999999,"failureMessages":[],"meta":{}},{"ancestorTitles":["Integration-lite: FFmpegAvifAdapter"],"fullName":"Integration-lite: FFmpegAvifAdapter 1.46 [I] Hardware encoder failure: falls back to software encoder and retries conversion","status":"passed","title":"1.46 [I] Hardware encoder failure: falls back to software encoder and retries conversion","duration":17.379373999999984,"failureMessages":[],"meta":{}},{"ancestorTitles":["Integration-lite: FFmpegAvifAdapter"],"fullName":"Integration-lite: FFmpegAvifAdapter 27.3 [I] Argument safety: spawn receives args array and no shell with path spaces","status":"passed","title":"27.3 [I] Argument safety: spawn receives args array and no shell with path spaces","duration":17.792059999999992,"failureMessages":[],"meta":{}}],"startTime":1782998624698,"endTime":1782998624778.792,"status":"passed","message":"","name":"/home/runner/work/obsidian-image-converter/obsidian-image-converter/tests/integration/image/FfmpegAvifAdapter.test.ts"},{"assertionResults":[{"ancestorTitles":["Integration-lite: HeicDecoderAdapter"],"fullName":"Integration-lite: HeicDecoderAdapter 1.38 [I] HEIC decoding: calls handler and passes through pipeline","status":"passed","title":"1.38 [I] HEIC decoding: calls handler and passes through pipeline","duration":13.176917000000003,"failureMessages":[],"meta":{}},{"ancestorTitles":["Integration-lite: HeicDecoderAdapter"],"fullName":"Integration-lite: HeicDecoderAdapter 23.6 [I] HEIC failure: when decoder rejects, original bytes are returned (no throw)","status":"passed","title":"23.6 [I] HEIC failure: when decoder rejects, original bytes are returned (no throw)","duration":4.327593999999976,"failureMessages":[],"meta":{}}],"startTime":1782998629027,"endTime":1782998629045.3276,"status":"passed","message":"","name":"/home/runner/work/obsidian-image-converter/obsidian-image-converter/tests/integration/image/HeicDecoderAdapter.test.ts"},{"assertionResults":[{"ancestorTitles":["Integration-lite: PngquantAdapter"],"fullName":"Integration-lite: PngquantAdapter 1.32 [I] Happy path: pipes stdin, uses --quality, stdout used as output","status":"passed","title":"1.32 [I] Happy path: pipes stdin, uses --quality, stdout used as output","duration":13.629699999999957,"failureMessages":[],"meta":{}},{"ancestorTitles":["Integration-lite: PngquantAdapter"],"fullName":"Integration-lite: PngquantAdapter 1.33 [I] Missing path: shows Notice and returns original bytes (spawn not called)","status":"passed","title":"1.33 [I] Missing path: shows Notice and returns original bytes (spawn not called)","duration":3.8161890000000085,"failureMessages":[],"meta":{}},{"ancestorTitles":["Integration-lite: PngquantAdapter"],"fullName":"Integration-lite: PngquantAdapter 1.34 [I] Failure: non-zero exit or spawn error -> returns original bytes","status":"passed","title":"1.34 [I] Failure: non-zero exit or spawn error -> returns original bytes","duration":3.9913709999999583,"failureMessages":[],"meta":{}},{"ancestorTitles":["Integration-lite: PngquantAdapter"],"fullName":"Integration-lite: PngquantAdapter 27.3 [I] Argument safety: spawn receives args array and no shell with path spaces","status":"passed","title":"27.3 [I] Argument safety: spawn receives args array and no shell with path spaces","duration":6.547310999999922,"failureMessages":[],"meta":{}}],"startTime":1782998626493,"endTime":1782998626521.5474,"status":"passed","message":"","name":"/home/runner/work/obsidian-image-converter/obsidian-image-converter/tests/integration/image/PngquantAdapter.test.ts"},{"assertionResults":[{"ancestorTitles":["Integration-lite: Quality Effect (1.41)"],"fullName":"Integration-lite: Quality Effect (1.41) Given a fixed input, When quality is reduced, Then output size is smaller or equal (WEBP)","status":"passed","title":"Given a fixed input, When quality is reduced, Then output size is smaller or equal (WEBP)","duration":19.088772999999946,"failureMessages":[],"meta":{}}],"startTime":1782998629110,"endTime":1782998629129.0889,"status":"passed","message":"","name":"/home/runner/work/obsidian-image-converter/obsidian-image-converter/tests/integration/image/QualityEffect.test.ts"},{"assertionResults":[{"ancestorTitles":["Integration-lite: TiffDecoderAdapter"],"fullName":"Integration-lite: TiffDecoderAdapter 1.39 [I] TIFF decoding: calls handler and passes through pipeline","status":"passed","title":"1.39 [I] TIFF decoding: calls handler and passes through pipeline","duration":8.427490000000034,"failureMessages":[],"meta":{}},{"ancestorTitles":["Integration-lite: TiffDecoderAdapter"],"fullName":"Integration-lite: TiffDecoderAdapter 1.39 [I] TIFF failure: on error returns original bytes","status":"passed","title":"1.39 [I] TIFF failure: on error returns original bytes","duration":3.959832000000006,"failureMessages":[],"meta":{}}],"startTime":1782998629439,"endTime":1782998629450.9597,"status":"passed","message":"","name":"/home/runner/work/obsidian-image-converter/obsidian-image-converter/tests/integration/image/TiffDecoderAdapter.test.ts"},{"assertionResults":[{"ancestorTitles":["Concurrent drop/paste handling (Phase 9: 26.9, 26.10 subset)"],"fullName":"Concurrent drop/paste handling (Phase 9: 26.9, 26.10 subset) Given multiple files dropped, When handled concurrently, Then creates all files and inserts links without duplication","status":"passed","title":"Given multiple files dropped, When handled concurrently, Then creates all files and inserts links without duplication","duration":17.829473000000007,"failureMessages":[],"meta":{}},{"ancestorTitles":["Concurrent drop/paste handling (Phase 9: 26.9, 26.10 subset)"],"fullName":"Concurrent drop/paste handling (Phase 9: 26.9, 26.10 subset) Given rapid successive pastes, When handled, Then processes all without crash and accumulates creates","status":"passed","title":"Given rapid successive pastes, When handled, Then processes all without crash and accumulates creates","duration":6.903862000000004,"failureMessages":[],"meta":{}}],"startTime":1782998627728,"endTime":1782998627752.9038,"status":"passed","message":"","name":"/home/runner/work/obsidian-image-converter/obsidian-image-converter/tests/integration/main/ConcurrentDropPaste.test.ts"},{"assertionResults":[{"ancestorTitles":["Conflict resolution and overwrite safety (Phase 9: 27.2)"],"fullName":"Conflict resolution and overwrite safety (Phase 9: 27.2) 27.2 increment: when destination already exists, then handleNameConflicts is used and no overwrite occurs","status":"passed","title":"27.2 increment: when destination already exists, then handleNameConflicts is used and no overwrite occurs","duration":19.115624000000025,"failureMessages":[],"meta":{}},{"ancestorTitles":["Conflict resolution and overwrite safety (Phase 9: 27.2)"],"fullName":"Conflict resolution and overwrite safety (Phase 9: 27.2) 27.2 reuse: when destination already exists, then no createBinary occurs and link points to existing file","status":"passed","title":"27.2 reuse: when destination already exists, then no createBinary occurs and link points to existing file","duration":7.187335999999959,"failureMessages":[],"meta":{}},{"ancestorTitles":["Conflict resolution and overwrite safety (Phase 9: 27.2)"],"fullName":"Conflict resolution and overwrite safety (Phase 9: 27.2) 22.11 minimum savings: when savings below threshold, then original bytes are written to converted path","status":"passed","title":"22.11 minimum savings: when savings below threshold, then original bytes are written to converted path","duration":5.4148400000000265,"failureMessages":[],"meta":{}}],"startTime":1782998626730,"endTime":1782998626761.4148,"status":"passed","message":"","name":"/home/runner/work/obsidian-image-converter/obsidian-image-converter/tests/integration/main/ConflictResolution.test.ts"},{"assertionResults":[{"ancestorTitles":["CreateBinary conflict handling during paste (Phase 9: 27.2 partial)"],"fullName":"CreateBinary conflict handling during paste (Phase 9: 27.2 partial) Given conflict on createBinary (File already exists), When pasting two files, Then one is inserted and the conflicting one is skipped with error handling","status":"passed","title":"Given conflict on createBinary (File already exists), When pasting two files, Then one is inserted and the conflicting one is skipped with error handling","duration":17.998342000000093,"failureMessages":[],"meta":{}}],"startTime":1782998628630,"endTime":1782998628647.9983,"status":"passed","message":"","name":"/home/runner/work/obsidian-image-converter/obsidian-image-converter/tests/integration/main/CreateBinaryConflict.test.ts"},{"assertionResults":[{"ancestorTitles":["Platform-specific registration of drop/paste handlers (Phase 9: 25.4/25.5)"],"fullName":"Platform-specific registration of drop/paste handlers (Phase 9: 25.4/25.5) When Platform.isMobile=true, Then editor-drop/editor-paste handlers are NOT registered","status":"passed","title":"When Platform.isMobile=true, Then editor-drop/editor-paste handlers are NOT registered","duration":14.89262599999995,"failureMessages":[],"meta":{}},{"ancestorTitles":["Platform-specific registration of drop/paste handlers (Phase 9: 25.4/25.5)"],"fullName":"Platform-specific registration of drop/paste handlers (Phase 9: 25.4/25.5) When Platform.isMobile=false, Then editor-drop/editor-paste handlers ARE registered","status":"passed","title":"When Platform.isMobile=false, Then editor-drop/editor-paste handlers ARE registered","duration":3.8538619999999355,"failureMessages":[],"meta":{}},{"ancestorTitles":["editor-drop/editor-paste defaultPrevented guard"],"fullName":"editor-drop/editor-paste defaultPrevented guard does not handle or prevent an editor-drop event Obsidian already handled","status":"passed","title":"does not handle or prevent an editor-drop event Obsidian already handled","duration":5.013384999999971,"failureMessages":[],"meta":{}},{"ancestorTitles":["editor-drop/editor-paste defaultPrevented guard"],"fullName":"editor-drop/editor-paste defaultPrevented guard does not handle or prevent an editor-paste event Obsidian already handled","status":"passed","title":"does not handle or prevent an editor-paste event Obsidian already handled","duration":6.5823780000000625,"failureMessages":[],"meta":{}},{"ancestorTitles":["activeDocument body state compatibility"],"fullName":"activeDocument body state compatibility applies body state classes to activeDocument instead of the inactive main document","status":"passed","title":"applies body state classes to activeDocument instead of the inactive main document","duration":5.972308999999996,"failureMessages":[],"meta":{}},{"ancestorTitles":["activeDocument body state compatibility"],"fullName":"activeDocument body state compatibility removes body state classes from activeDocument on unload","status":"passed","title":"removes body state classes from activeDocument on unload","duration":6.648723000000018,"failureMessages":[],"meta":{}}],"startTime":1782998626429,"endTime":1782998626472.6487,"status":"passed","message":"","name":"/home/runner/work/obsidian-image-converter/obsidian-image-converter/tests/integration/main/DropPasteHandlers.test.ts"},{"assertionResults":[{"ancestorTitles":["ImageConverterPlugin image resizer lifecycle"],"fullName":"ImageConverterPlugin image resizer lifecycle attaches image resize listeners when a Markdown file opens after plugin load","status":"passed","title":"attaches image resize listeners when a Markdown file opens after plugin load","duration":15.694274999999948,"failureMessages":[],"meta":{}},{"ancestorTitles":["ImageConverterPlugin image resizer lifecycle"],"fullName":"ImageConverterPlugin image resizer lifecycle reattaches image resize listeners on active leaf changes without waiting for layout-change","status":"passed","title":"reattaches image resize listeners on active leaf changes without waiting for layout-change","duration":7.246195999999941,"failureMessages":[],"meta":{}}],"startTime":1782998628183,"endTime":1782998628206.246,"status":"passed","message":"","name":"/home/runner/work/obsidian-image-converter/obsidian-image-converter/tests/integration/main/ImageResizerLifecycle.test.ts"},{"assertionResults":[{"ancestorTitles":["Invalid template validation halts writes (27.4 / 23.4)"],"fullName":"Invalid template validation halts writes (27.4 / 23.4) Given CUSTOM template invalid (grandparent required), When pasting, Then no createBinary call occurs","status":"passed","title":"Given CUSTOM template invalid (grandparent required), When pasting, Then no createBinary call occurs","duration":17.05789100000004,"failureMessages":[],"meta":{}}],"startTime":1782998628195,"endTime":1782998628212.0579,"status":"passed","message":"","name":"/home/runner/work/obsidian-image-converter/obsidian-image-converter/tests/integration/main/InvalidTemplateBlocksWrite.test.ts"},{"assertionResults":[{"ancestorTitles":["ProcessCurrentNote discovery and counts (Phase 7: 9.1–9.8 subset)"],"fullName":"ProcessCurrentNote discovery and counts (Phase 7: 9.1–9.8 subset) Counts markdown and canvas-linked images; applies skip rules","status":"passed","title":"Counts markdown and canvas-linked images; applies skip rules","duration":44.07687199999998,"failureMessages":[],"meta":{}},{"ancestorTitles":["ProcessCurrentNote discovery and counts (Phase 7: 9.1–9.8 subset)"],"fullName":"ProcessCurrentNote discovery and counts (Phase 7: 9.1–9.8 subset) keeps true root files processable when skip folders targets /_attachments/**","status":"passed","title":"keeps true root files processable when skip folders targets /_attachments/**","duration":9.942299000000048,"failureMessages":[],"meta":{}},{"ancestorTitles":["ProcessCurrentNote discovery and counts (Phase 7: 9.1–9.8 subset)"],"fullName":"ProcessCurrentNote discovery and counts (Phase 7: 9.1–9.8 subset) 9.2 Wikilink discovery includes corresponding TFiles","status":"passed","title":"9.2 Wikilink discovery includes corresponding TFiles","duration":8.57251599999995,"failureMessages":[],"meta":{}},{"ancestorTitles":["ProcessCurrentNote discovery and counts (Phase 7: 9.1–9.8 subset)"],"fullName":"ProcessCurrentNote discovery and counts (Phase 7: 9.1–9.8 subset) 9.3 Markdown image discovery includes corresponding TFiles","status":"passed","title":"9.3 Markdown image discovery includes corresponding TFiles","duration":13.95100500000001,"failureMessages":[],"meta":{}},{"ancestorTitles":["ProcessCurrentNote discovery and counts (Phase 7: 9.1–9.8 subset)"],"fullName":"ProcessCurrentNote discovery and counts (Phase 7: 9.1–9.8 subset) 9.4 Embedded image discovery includes TFiles referenced with ![[image.png]]","status":"passed","title":"9.4 Embedded image discovery includes TFiles referenced with ![[image.png]]","duration":9.75393500000007,"failureMessages":[],"meta":{}},{"ancestorTitles":["ProcessCurrentNote discovery and counts (Phase 7: 9.1–9.8 subset)"],"fullName":"ProcessCurrentNote discovery and counts (Phase 7: 9.1–9.8 subset) 9.6 No-content-change when name/path unchanged (no rename)","status":"passed","title":"9.6 No-content-change when name/path unchanged (no rename)","duration":13.038953000000106,"failureMessages":[],"meta":{}},{"ancestorTitles":["ProcessCurrentNote discovery and counts (Phase 7: 9.1–9.8 subset)"],"fullName":"ProcessCurrentNote discovery and counts (Phase 7: 9.1–9.8 subset) 9.6/9.7 Link updating after rename preserves link style (wikilink vs markdown)","status":"passed","title":"9.6/9.7 Link updating after rename preserves link style (wikilink vs markdown)","duration":15.74790900000005,"failureMessages":[],"meta":{}},{"ancestorTitles":["ProcessCurrentNote discovery and counts (Phase 7: 9.1–9.8 subset)"],"fullName":"ProcessCurrentNote discovery and counts (Phase 7: 9.1–9.8 subset) 9.8 Skips external http/https URLs in discovery","status":"passed","title":"9.8 Skips external http/https URLs in discovery","duration":24.248221000000058,"failureMessages":[],"meta":{}}],"startTime":1782998623704,"endTime":1782998623843.2483,"status":"passed","message":"","name":"/home/runner/work/obsidian-image-converter/obsidian-image-converter/tests/integration/scope/ProcessCurrentNote.test.ts"},{"assertionResults":[{"ancestorTitles":["PresetSelectionModal compact UI flows (18.1, 18.3, 18.4)"],"fullName":"PresetSelectionModal compact UI flows (18.1, 18.3, 18.4) Given modal opens, When constructed, Then processing preview text is composed (format • link • resize) (18.1/processing preview)","status":"passed","title":"Given modal opens, When constructed, Then processing preview text is composed (format • link • resize) (18.1/processing preview)","duration":19.97818899999993,"failureMessages":[],"meta":{}},{"ancestorTitles":["PresetSelectionModal compact UI flows (18.1, 18.3, 18.4)"],"fullName":"PresetSelectionModal compact UI flows (18.1, 18.3, 18.4) Given custom folder/filename text, When paused 150ms, Then preview shows processed path (18.3 debounce)","status":"passed","title":"Given custom folder/filename text, When paused 150ms, Then preview shows processed path (18.3 debounce)","duration":190.53000799999995,"failureMessages":[],"meta":{}},{"ancestorTitles":["PresetSelectionModal additional UI flows for Phase 6 (18.1–18.6)"],"fullName":"PresetSelectionModal additional UI flows for Phase 6 (18.1–18.6) 18.1 Modal displays all expected controls","status":"passed","title":"18.1 Modal displays all expected controls","duration":15.736949000000095,"failureMessages":[],"meta":{}},{"ancestorTitles":["PresetSelectionModal additional UI flows for Phase 6 (18.1–18.6)"],"fullName":"PresetSelectionModal additional UI flows for Phase 6 (18.1–18.6) 18.1 Fresh install preselects the \"WebP 75\" global preset in the modal header","status":"passed","title":"18.1 Fresh install preselects the \"WebP 75\" global preset in the modal header","duration":9.431151,"failureMessages":[],"meta":{}},{"ancestorTitles":["PresetSelectionModal additional UI flows for Phase 6 (18.1–18.6)"],"fullName":"PresetSelectionModal additional UI flows for Phase 6 (18.1–18.6) 18.1 Filename preset dropdown uses stored preset names","status":"passed","title":"18.1 Filename preset dropdown uses stored preset names","duration":15.606841999999915,"failureMessages":[],"meta":{}},{"ancestorTitles":["PresetSelectionModal additional UI flows for Phase 6 (18.1–18.6)"],"fullName":"PresetSelectionModal additional UI flows for Phase 6 (18.1–18.6) 18.2 Preset selection updates inputs and processing preview","status":"passed","title":"18.2 Preset selection updates inputs and processing preview","duration":12.858042000000069,"failureMessages":[],"meta":{}},{"ancestorTitles":["PresetSelectionModal additional UI flows for Phase 6 (18.1–18.6)"],"fullName":"PresetSelectionModal additional UI flows for Phase 6 (18.1–18.6) 18.3 Debounced preview: empty templates show empty-state message","status":"passed","title":"18.3 Debounced preview: empty templates show empty-state message","duration":200.97967199999994,"failureMessages":[],"meta":{}},{"ancestorTitles":["PresetSelectionModal additional UI flows for Phase 6 (18.1–18.6)"],"fullName":"PresetSelectionModal additional UI flows for Phase 6 (18.1–18.6) 18.4 Apply: persists modalSessionState and passes CUSTOM folder type with overrides","status":"passed","title":"18.4 Apply: persists modalSessionState and passes CUSTOM folder type with overrides","duration":7.17394000000013,"failureMessages":[],"meta":{}},{"ancestorTitles":["PresetSelectionModal additional UI flows for Phase 6 (18.1–18.6)"],"fullName":"PresetSelectionModal additional UI flows for Phase 6 (18.1–18.6) 18.5 Close without Apply: no onApply and no session persistence","status":"passed","title":"18.5 Close without Apply: no onApply and no session persistence","duration":5.003371999999899,"failureMessages":[],"meta":{}},{"ancestorTitles":["PresetSelectionModal additional UI flows for Phase 6 (18.1–18.6)"],"fullName":"PresetSelectionModal additional UI flows for Phase 6 (18.1–18.6) 18.6 Remember selections: reopen shows prior overrides when applied; closing without Apply reverts to presets","status":"passed","title":"18.6 Remember selections: reopen shows prior overrides when applied; closing without Apply reverts to presets","duration":36.95980400000008,"failureMessages":[],"meta":{}}],"startTime":1782998617566,"endTime":1782998618080.9597,"status":"passed","message":"","name":"/home/runner/work/obsidian-image-converter/obsidian-image-converter/tests/integration/modals/PresetSelectionModal.test.ts"},{"assertionResults":[{"ancestorTitles":["ProcessFolderModal UI flows (Phase 7: 8.1–8.12 subset)"],"fullName":"ProcessFolderModal UI flows (Phase 7: 8.1–8.12 subset) 8.1 Header subtitle shows folder name only","status":"passed","title":"8.1 Header subtitle shows folder name only","duration":23.643275000000017,"failureMessages":[],"meta":{}},{"ancestorTitles":["ProcessFolderModal UI flows (Phase 7: 8.1–8.12 subset)"],"fullName":"ProcessFolderModal UI flows (Phase 7: 8.1–8.12 subset) 8.2 Recursive toggle recalculates counts","status":"passed","title":"8.2 Recursive toggle recalculates counts","duration":11.66063500000007,"failureMessages":[],"meta":{}},{"ancestorTitles":["ProcessFolderModal UI flows (Phase 7: 8.1–8.12 subset)"],"fullName":"ProcessFolderModal UI flows (Phase 7: 8.1–8.12 subset) 8.3 Clicking Process calls processor with folder path and recursive flag","status":"passed","title":"8.3 Clicking Process calls processor with folder path and recursive flag","duration":11.077328999999963,"failureMessages":[],"meta":{}},{"ancestorTitles":["ProcessFolderModal UI flows (Phase 7: 8.1–8.12 subset)"],"fullName":"ProcessFolderModal UI flows (Phase 7: 8.1–8.12 subset) 8.3b Linked mode: Clicking Process calls processLinkedImagesInFolder","status":"passed","title":"8.3b Linked mode: Clicking Process calls processLinkedImagesInFolder","duration":18.29843900000003,"failureMessages":[],"meta":{}},{"ancestorTitles":["ProcessFolderModal UI flows (Phase 7: 8.1–8.12 subset)"],"fullName":"ProcessFolderModal UI flows (Phase 7: 8.1–8.12 subset) 8.11 Counts update when skip formats input changes","status":"passed","title":"8.11 Counts update when skip formats input changes","duration":8.324160000000006,"failureMessages":[],"meta":{}},{"ancestorTitles":["ProcessFolderModal UI flows (Phase 7: 8.1–8.12 subset)"],"fullName":"ProcessFolderModal UI flows (Phase 7: 8.1–8.12 subset) 8.4 Skip formats action passes to processor (via plugin settings)","status":"passed","title":"8.4 Skip formats action passes to processor (via plugin settings)","duration":7.339350999999965,"failureMessages":[],"meta":{}},{"ancestorTitles":["ProcessFolderModal UI flows (Phase 7: 8.1–8.12 subset)"],"fullName":"ProcessFolderModal UI flows (Phase 7: 8.1–8.12 subset) 8.5 Skip formats provided before processor call","status":"passed","title":"8.5 Skip formats provided before processor call","duration":10.989705000000072,"failureMessages":[],"meta":{}},{"ancestorTitles":["ProcessFolderModal UI flows (Phase 7: 8.1–8.12 subset)"],"fullName":"ProcessFolderModal UI flows (Phase 7: 8.1–8.12 subset) 8.6 Image source selection UI: both modes are clickable (icon/description may vary)","status":"passed","title":"8.6 Image source selection UI: both modes are clickable (icon/description may vary)","duration":14.587963999999943,"failureMessages":[],"meta":{}},{"ancestorTitles":["ProcessFolderModal UI flows (Phase 7: 8.1–8.12 subset)"],"fullName":"ProcessFolderModal UI flows (Phase 7: 8.1–8.12 subset) 8.7 Image source Direct counts recompute for supported images in folder (non-recursive)","status":"passed","title":"8.7 Image source Direct counts recompute for supported images in folder (non-recursive)","duration":24.406116999999995,"failureMessages":[],"meta":{}},{"ancestorTitles":["ProcessFolderModal UI flows (Phase 7: 8.1–8.12 subset)"],"fullName":"ProcessFolderModal UI flows (Phase 7: 8.1–8.12 subset) 8.8 Image source Linked counts recompute for md/canvas; external links ignored (count presence)","status":"passed","title":"8.8 Image source Linked counts recompute for md/canvas; external links ignored (count presence)","duration":13.336150999999973,"failureMessages":[],"meta":{}},{"ancestorTitles":["ProcessFolderModal UI flows (Phase 7: 8.1–8.12 subset)"],"fullName":"ProcessFolderModal UI flows (Phase 7: 8.1–8.12 subset) 8.9 Skip target format state toggles without error when Convert to is set","status":"passed","title":"8.9 Skip target format state toggles without error when Convert to is set","duration":8.362311999999974,"failureMessages":[],"meta":{}},{"ancestorTitles":["ProcessFolderModal UI flows (Phase 7: 8.1–8.12 subset)"],"fullName":"ProcessFolderModal UI flows (Phase 7: 8.1–8.12 subset) 8.10 Skip target format flag passed to processor","status":"passed","title":"8.10 Skip target format flag passed to processor","duration":7.853206,"failureMessages":[],"meta":{}},{"ancestorTitles":["ProcessFolderModal UI flows (Phase 7: 8.1–8.12 subset)"],"fullName":"ProcessFolderModal UI flows (Phase 7: 8.1–8.12 subset) 8.12 Progress display on start: processing is triggered when clicking Process","status":"passed","title":"8.12 Progress display on start: processing is triggered when clicking Process","duration":6.642321999999922,"failureMessages":[],"meta":{}},{"ancestorTitles":["ProcessFolderModal UI flows (Phase 7: 8.1–8.12 subset)"],"fullName":"ProcessFolderModal UI flows (Phase 7: 8.1–8.12 subset) 8.6/8.7/8.8 Image source selection toggles and counts recompute","status":"passed","title":"8.6/8.7/8.8 Image source selection toggles and counts recompute","duration":5.183042,"failureMessages":[],"meta":{}},{"ancestorTitles":["ProcessFolderModal UI flows (Phase 7: 8.1–8.12 subset)"],"fullName":"ProcessFolderModal UI flows (Phase 7: 8.1–8.12 subset) 8.13 Malformed canvas file handling: given invalid JSON, when getImagesFromCanvasFile called, then returns empty array and logs warning","status":"passed","title":"8.13 Malformed canvas file handling: given invalid JSON, when getImagesFromCanvasFile called, then returns empty array and logs warning","duration":16.030870999999934,"failureMessages":[],"meta":{}},{"ancestorTitles":["ProcessFolderModal UI flows (Phase 7: 8.1–8.12 subset)"],"fullName":"ProcessFolderModal UI flows (Phase 7: 8.1–8.12 subset) 8.9/8.10 Skip target format state/action reflected to counts and used on processing","status":"passed","title":"8.9/8.10 Skip target format state/action reflected to counts and used on processing","duration":10.514834000000064,"failureMessages":[],"meta":{}}],"startTime":1782998621569,"endTime":1782998621768.515,"status":"passed","message":"","name":"/home/runner/work/obsidian-image-converter/obsidian-image-converter/tests/integration/modals/ProcessFolderModal.test.ts"},{"assertionResults":[{"ancestorTitles":["ProcessSingleImageModal UI flows (Phase 7: 7.1–7.14 subset)"],"fullName":"ProcessSingleImageModal UI flows (Phase 7: 7.1–7.14 subset) 7.1 Modal initialization: sets title and sections; width <= min(90% viewport, 800px)","status":"passed","title":"7.1 Modal initialization: sets title and sections; width <= min(90% viewport, 800px)","duration":27.971582000000012,"failureMessages":[],"meta":{}},{"ancestorTitles":["ProcessSingleImageModal UI flows (Phase 7: 7.1–7.14 subset)"],"fullName":"ProcessSingleImageModal UI flows (Phase 7: 7.1–7.14 subset) 7.2 Preview generation: WEBP/JPEG/PNG show preview; PNGQUANT/AVIF show \"Preview not available\"","status":"passed","title":"7.2 Preview generation: WEBP/JPEG/PNG show preview; PNGQUANT/AVIF show \"Preview not available\"","duration":10.021306999999979,"failureMessages":[],"meta":{}},{"ancestorTitles":["ProcessSingleImageModal UI flows (Phase 7: 7.1–7.14 subset)"],"fullName":"ProcessSingleImageModal UI flows (Phase 7: 7.1–7.14 subset) 7.3 Quality slider regenerates preview for previewable formats","status":"passed","title":"7.3 Quality slider regenerates preview for previewable formats","duration":11.322069000000056,"failureMessages":[],"meta":{}},{"ancestorTitles":["ProcessSingleImageModal UI flows (Phase 7: 7.1–7.14 subset)"],"fullName":"ProcessSingleImageModal UI flows (Phase 7: 7.1–7.14 subset) 7.3 PNG shows only Color depth slider (no Quality); slider updates colorDepth","status":"passed","title":"7.3 PNG shows only Color depth slider (no Quality); slider updates colorDepth","duration":12.606951999999978,"failureMessages":[],"meta":{}},{"ancestorTitles":["ProcessSingleImageModal UI flows (Phase 7: 7.1–7.14 subset)"],"fullName":"ProcessSingleImageModal UI flows (Phase 7: 7.1–7.14 subset) 7.10 Preview error handling: when processor throws, message is shown and console.error called","status":"passed","title":"7.10 Preview error handling: when processor throws, message is shown and console.error called","duration":9.432329999999979,"failureMessages":[],"meta":{}},{"ancestorTitles":["ProcessSingleImageModal UI flows (Phase 7: 7.1–7.14 subset)"],"fullName":"ProcessSingleImageModal UI flows (Phase 7: 7.1–7.14 subset) 7.4 Resize mode dropdown shows correct inputs and preview behavior per format","status":"passed","title":"7.4 Resize mode dropdown shows correct inputs and preview behavior per format","duration":52.72738500000003,"failureMessages":[],"meta":{}},{"ancestorTitles":["ProcessSingleImageModal UI flows (Phase 7: 7.1–7.14 subset)"],"fullName":"ProcessSingleImageModal UI flows (Phase 7: 7.1–7.14 subset) 7.4 Resize inputs trigger preview regeneration for previewable formats","status":"passed","title":"7.4 Resize inputs trigger preview regeneration for previewable formats","duration":16.196582000000035,"failureMessages":[],"meta":{}},{"ancestorTitles":["ProcessSingleImageModal UI flows (Phase 7: 7.1–7.14 subset)"],"fullName":"ProcessSingleImageModal UI flows (Phase 7: 7.1–7.14 subset) 7.5 Switching formats updates preview for previewable and shows not-available for non-previewable","status":"passed","title":"7.5 Switching formats updates preview for previewable and shows not-available for non-previewable","duration":21.58016000000009,"failureMessages":[],"meta":{}},{"ancestorTitles":["ProcessSingleImageModal UI flows (Phase 7: 7.1–7.14 subset)"],"fullName":"ProcessSingleImageModal UI flows (Phase 7: 7.1–7.14 subset) 7.5 Output format switching preserves pngquant/ffmpeg paths","status":"passed","title":"7.5 Output format switching preserves pngquant/ffmpeg paths","duration":29.69276400000001,"failureMessages":[],"meta":{}},{"ancestorTitles":["ProcessSingleImageModal UI flows (Phase 7: 7.1–7.14 subset)"],"fullName":"ProcessSingleImageModal UI flows (Phase 7: 7.1–7.14 subset) 7.6 Dimension input sanitization stores 0 for non-numeric and triggers preview on previewable formats","status":"passed","title":"7.6 Dimension input sanitization stores 0 for non-numeric and triggers preview on previewable formats","duration":27.016691000000037,"failureMessages":[],"meta":{}},{"ancestorTitles":["ProcessSingleImageModal UI flows (Phase 7: 7.1–7.14 subset)"],"fullName":"ProcessSingleImageModal UI flows (Phase 7: 7.1–7.14 subset) 7.7 Process action processes, renames, writes, updates link in active note, shows size notice, and closes","status":"passed","title":"7.7 Process action processes, renames, writes, updates link in active note, shows size notice, and closes","duration":9.729926999999861,"failureMessages":[],"meta":{}},{"ancestorTitles":["ProcessSingleImageModal UI flows (Phase 7: 7.1–7.14 subset)"],"fullName":"ProcessSingleImageModal UI flows (Phase 7: 7.1–7.14 subset) 7.7 Process action: processes, renames on extension change, writes, updates active note link, shows notice, and closes","status":"passed","title":"7.7 Process action: processes, renames on extension change, writes, updates active note link, shows notice, and closes","duration":8.455236000000014,"failureMessages":[],"meta":{}},{"ancestorTitles":["ProcessSingleImageModal UI flows (Phase 7: 7.1–7.14 subset)"],"fullName":"ProcessSingleImageModal UI flows (Phase 7: 7.1–7.14 subset) 7.8 Cancel action: closes without processing and saves current modal settings on close","status":"passed","title":"7.8 Cancel action: closes without processing and saves current modal settings on close","duration":8.276129000000083,"failureMessages":[],"meta":{}},{"ancestorTitles":["ProcessSingleImageModal UI flows (Phase 7: 7.1–7.14 subset)"],"fullName":"ProcessSingleImageModal UI flows (Phase 7: 7.1–7.14 subset) 7.9 Settings persistence loads on open and saves on close","status":"passed","title":"7.9 Settings persistence loads on open and saves on close","duration":8.733958999999913,"failureMessages":[],"meta":{}},{"ancestorTitles":["ProcessSingleImageModal UI flows (Phase 7: 7.1–7.14 subset)"],"fullName":"ProcessSingleImageModal UI flows (Phase 7: 7.1–7.14 subset) 7.11 PNGQUANT path change persists into preset","status":"passed","title":"7.11 PNGQUANT path change persists into preset","duration":25.35075299999994,"failureMessages":[],"meta":{}},{"ancestorTitles":["ProcessSingleImageModal UI flows (Phase 7: 7.1–7.14 subset)"],"fullName":"ProcessSingleImageModal UI flows (Phase 7: 7.1–7.14 subset) 7.13 AVIF ffmpeg fields captured in state","status":"passed","title":"7.13 AVIF ffmpeg fields captured in state","duration":18.615283999999974,"failureMessages":[],"meta":{}},{"ancestorTitles":["ProcessSingleImageModal UI flows (Phase 7: 7.1–7.14 subset)"],"fullName":"ProcessSingleImageModal UI flows (Phase 7: 7.1–7.14 subset) 7.12 Preview-unavailable messaging consistent across toggles (no duplicates)","status":"passed","title":"7.12 Preview-unavailable messaging consistent across toggles (no duplicates)","duration":13.46610499999997,"failureMessages":[],"meta":{}},{"ancestorTitles":["ProcessSingleImageModal UI flows (Phase 7: 7.1–7.14 subset)"],"fullName":"ProcessSingleImageModal UI flows (Phase 7: 7.1–7.14 subset) 7.14 Responsive sizing: modal width and preview max height","status":"passed","title":"7.14 Responsive sizing: modal width and preview max height","duration":8.158178000000134,"failureMessages":[],"meta":{}},{"ancestorTitles":["ProcessSingleImageModal UI flows (Phase 7: 7.1–7.14 subset)"],"fullName":"ProcessSingleImageModal UI flows (Phase 7: 7.1–7.14 subset) 7.15 Process action view refresh failure: given refreshActiveNote throws, then fallback Notice shown and processing completes","status":"passed","title":"7.15 Process action view refresh failure: given refreshActiveNote throws, then fallback Notice shown and processing completes","duration":14.013954000000012,"failureMessages":[],"meta":{}}],"startTime":1782998619856,"endTime":1782998620190.014,"status":"passed","message":"","name":"/home/runner/work/obsidian-image-converter/obsidian-image-converter/tests/integration/modals/ProcessSingleImageModal.test.ts"},{"assertionResults":[{"ancestorTitles":["ContextMenu integration (14.1–14.6)","14.1 Document listener registration"],"fullName":"ContextMenu integration (14.1–14.6) 14.1 Document listener registration registers document listeners on construction","status":"passed","title":"registers document listeners on construction","duration":11.439408999999955,"failureMessages":[],"meta":{}},{"ancestorTitles":["ContextMenu integration (14.1–14.6)","14.1 Document listener registration"],"fullName":"ContextMenu integration (14.1–14.6) 14.1 Document listener registration registers context menu listeners for popout documents when a workspace window opens","status":"passed","title":"registers context menu listeners for popout documents when a workspace window opens","duration":3.949386000000004,"failureMessages":[],"meta":{}},{"ancestorTitles":["ContextMenu integration (14.1–14.6)","14.2 Visibility and scope"],"fullName":"ContextMenu integration (14.1–14.6) 14.2 Visibility and scope shows menu on images in markdown views only","status":"passed","title":"shows menu on images in markdown views only","duration":7.177066000000082,"failureMessages":[],"meta":{}},{"ancestorTitles":["ContextMenu integration (14.1–14.6)","14.2 Visibility and scope"],"fullName":"ContextMenu integration (14.1–14.6) 14.2 Visibility and scope hides the previous image context menu before opening a replacement","status":"passed","title":"hides the previous image context menu before opening a replacement","duration":8.296408000000042,"failureMessages":[],"meta":{}},{"ancestorTitles":["ContextMenu integration (14.1–14.6)","14.2 Visibility and scope"],"fullName":"ContextMenu integration (14.1–14.6) 14.2 Visibility and scope suppresses native image focus on right mouse down and clears image embed focus before opening the custom context menu when click override is enabled","status":"passed","title":"suppresses native image focus on right mouse down and clears image embed focus before opening the custom context menu when click override is enabled","duration":4.493728000000033,"failureMessages":[],"meta":{}},{"ancestorTitles":["ContextMenu integration (14.1–14.6)","14.2 Visibility and scope"],"fullName":"ContextMenu integration (14.1–14.6) 14.2 Visibility and scope negative cases: does not show for Excalidraw images","status":"passed","title":"negative cases: does not show for Excalidraw images","duration":4.6585269999999355,"failureMessages":[],"meta":{}},{"ancestorTitles":["ContextMenu integration (14.1–14.6)","14.2 Visibility and scope"],"fullName":"ContextMenu integration (14.1–14.6) 14.2 Visibility and scope negative cases: does not show in Canvas view","status":"passed","title":"negative cases: does not show in Canvas view","duration":3.7902370000000474,"failureMessages":[],"meta":{}},{"ancestorTitles":["ContextMenu integration (14.1–14.6)","14.2 Visibility and scope"],"fullName":"ContextMenu integration (14.1–14.6) 14.2 Visibility and scope negative cases: does not show for non-image targets","status":"passed","title":"negative cases: does not show for non-image targets","duration":8.588946999999962,"failureMessages":[],"meta":{}},{"ancestorTitles":["ContextMenu integration (14.1–14.6)","14.3/14.4 Actions"],"fullName":"ContextMenu integration (14.1–14.6) 14.3/14.4 Actions Convert/compress opens ProcessSingleImageModal for resolved TFile with same-folder preference","status":"passed","title":"Convert/compress opens ProcessSingleImageModal for resolved TFile with same-folder preference","duration":17.440519999999992,"failureMessages":[],"meta":{}},{"ancestorTitles":["ContextMenu integration (14.1–14.6)","14.3/14.4 Actions"],"fullName":"ContextMenu integration (14.1–14.6) 14.3/14.4 Actions Annotate opens ImageAnnotationModal for resolved TFile","status":"passed","title":"Annotate opens ImageAnnotationModal for resolved TFile","duration":7.483891999999969,"failureMessages":[],"meta":{}},{"ancestorTitles":["ContextMenu integration (14.1–14.6)","14.5 Alignment options gating"],"fullName":"ContextMenu integration (14.1–14.6) 14.5 Alignment options gating calls alignment options when enabled; not when disabled","status":"passed","title":"calls alignment options when enabled; not when disabled","duration":11.200491000000056,"failureMessages":[],"meta":{}},{"ancestorTitles":["ContextMenu integration (14.1–14.6)","Caption input gating"],"fullName":"ContextMenu integration (14.1–14.6) Caption input gating removes the caption input from the image tools panel when captions are disabled","status":"passed","title":"removes the caption input from the image tools panel when captions are disabled","duration":6.873016000000007,"failureMessages":[],"meta":{}},{"ancestorTitles":["ContextMenu integration (14.1–14.6)","Caption input gating"],"fullName":"ContextMenu integration (14.1–14.6) Caption input gating shows the caption input in the image tools panel when captions are enabled","status":"passed","title":"shows the caption input in the image tools panel when captions are enabled","duration":7.413858000000005,"failureMessages":[],"meta":{}},{"ancestorTitles":["ContextMenu integration (14.1–14.6)","Mobile gating (Phase 9: 25.4/25.5)"],"fullName":"ContextMenu integration (14.1–14.6) Mobile gating (Phase 9: 25.4/25.5) does not add desktop-only items when Platform.isMobile=true","status":"passed","title":"does not add desktop-only items when Platform.isMobile=true","duration":4.885654000000045,"failureMessages":[],"meta":{}},{"ancestorTitles":["ContextMenu integration (14.1–14.6)","14.6 Unregistration/cleanup"],"fullName":"ContextMenu integration (14.1–14.6) 14.6 Unregistration/cleanup removes document listener on unload","status":"passed","title":"removes document listener on unload","duration":10.679021000000034,"failureMessages":[],"meta":{}},{"ancestorTitles":["14.7–14.10 ContextMenu caption edit in tables (pipe escaping)","14.7 [I] Wiki-style link in table: delimiter pipes ESCAPED to prevent column split"],"fullName":"14.7–14.10 ContextMenu caption edit in tables (pipe escaping) 14.7 [I] Wiki-style link in table: delimiter pipes ESCAPED to prevent column split escapes wiki-link delimiter pipes in tables because table parser runs before wikilink parser","status":"passed","title":"escapes wiki-link delimiter pipes in tables because table parser runs before wikilink parser","duration":7.459596000000033,"failureMessages":[],"meta":{}},{"ancestorTitles":["14.7–14.10 ContextMenu caption edit in tables (pipe escaping)","14.8 [I] Markdown-style link in table: delimiter pipe escaped (table-safe)"],"fullName":"14.7–14.10 ContextMenu caption edit in tables (pipe escaping) 14.8 [I] Markdown-style link in table: delimiter pipe escaped (table-safe) escapes markdown image delimiter pipe so the table does not gain extra columns","status":"passed","title":"escapes markdown image delimiter pipe so the table does not gain extra columns","duration":10.585626000000161,"failureMessages":[],"meta":{}},{"ancestorTitles":["14.7–14.10 ContextMenu caption edit in tables (pipe escaping)","14.9 [I] Non-table context: do not escape delimiter pipes"],"fullName":"14.7–14.10 ContextMenu caption edit in tables (pipe escaping) 14.9 [I] Non-table context: do not escape delimiter pipes keeps standard (unescaped) delimiters outside tables","status":"passed","title":"keeps standard (unescaped) delimiters outside tables","duration":4.036047999999937,"failureMessages":[],"meta":{}},{"ancestorTitles":["14.7–14.10 ContextMenu caption edit in tables (pipe escaping)","14.10 [I] Caption loading: escaped pipes within caption unescaped for display"],"fullName":"14.7–14.10 ContextMenu caption edit in tables (pipe escaping) 14.10 [I] Caption loading: escaped pipes within caption unescaped for display loads caption containing escaped pipe character and unescapes \\| for display","status":"passed","title":"loads caption containing escaped pipe character and unescapes \\| for display","duration":4.077075999999806,"failureMessages":[],"meta":{}},{"ancestorTitles":["14.7–14.10 ContextMenu caption edit in tables (pipe escaping)","14.11 [I] Caption loading: width-only dimension not returned as caption"],"fullName":"14.7–14.10 ContextMenu caption edit in tables (pipe escaping) 14.11 [I] Caption loading: width-only dimension not returned as caption given wiki-style link with width-only dimension (e.g., |450), when loading caption, then returns empty string","status":"passed","title":"given wiki-style link with width-only dimension (e.g., |450), when loading caption, then returns empty string","duration":3.5410689999998795,"failureMessages":[],"meta":{}},{"ancestorTitles":["14.7–14.10 ContextMenu caption edit in tables (pipe escaping)","14.12 [I] Caption loading: numeric caption with dimensions"],"fullName":"14.7–14.10 ContextMenu caption edit in tables (pipe escaping) 14.12 [I] Caption loading: numeric caption with dimensions given wiki-style link with numeric caption and dimensions (e.g., |100|450), when loading, then caption returns \"100\" and dimensions returns width=450","status":"passed","title":"given wiki-style link with numeric caption and dimensions (e.g., |100|450), when loading, then caption returns \"100\" and dimensions returns width=450","duration":4.220164999999952,"failureMessages":[],"meta":{}},{"ancestorTitles":["14.7–14.10 ContextMenu caption edit in tables (pipe escaping)","14.13 [I] Caption loading: width-only dimension in table not returned as caption"],"fullName":"14.7–14.10 ContextMenu caption edit in tables (pipe escaping) 14.13 [I] Caption loading: width-only dimension in table not returned as caption given wiki-style link in table with width-only dimension (e.g., |450), when loading caption, then returns empty string","status":"passed","title":"given wiki-style link in table with width-only dimension (e.g., |450), when loading caption, then returns empty string","duration":4.505110000000059,"failureMessages":[],"meta":{}},{"ancestorTitles":["14.7–14.10 ContextMenu caption edit in tables (pipe escaping)","14.14 [I] Caption loading: Obsidian-escaped wikilink format in tables"],"fullName":"14.7–14.10 ContextMenu caption edit in tables (pipe escaping) 14.14 [I] Caption loading: Obsidian-escaped wikilink format in tables given wikilink with Obsidian-escaped delimiters (\\|), when loading caption, then correctly parses caption and dimensions","status":"passed","title":"given wikilink with Obsidian-escaped delimiters (\\|), when loading caption, then correctly parses caption and dimensions","duration":4.398980000000165,"failureMessages":[],"meta":{}},{"ancestorTitles":["14.7–14.10 ContextMenu caption edit in tables (pipe escaping)","14.15 [I] Caption update in table with pipe in caption content"],"fullName":"14.7–14.10 ContextMenu caption edit in tables (pipe escaping) 14.15 [I] Caption update in table with pipe in caption content given wiki-style link in table with caption containing pipe, when caption updated, then ALL pipes are escaped","status":"passed","title":"given wiki-style link in table with caption containing pipe, when caption updated, then ALL pipes are escaped","duration":4.963048999999955,"failureMessages":[],"meta":{}},{"ancestorTitles":["14.7–14.10 ContextMenu caption edit in tables (pipe escaping)","14.16 [I] Add dimensions to bare wikilink in table (no extra columns)"],"fullName":"14.7–14.10 ContextMenu caption edit in tables (pipe escaping) 14.16 [I] Add dimensions to bare wikilink in table (no extra columns) given bare wikilink in table, when only dimensions added (no caption), then table structure preserved via escaped pipe","status":"passed","title":"given bare wikilink in table, when only dimensions added (no caption), then table structure preserved via escaped pipe","duration":9.595597999999882,"failureMessages":[],"meta":{}}],"startTime":1782998620568,"endTime":1782998620745.5957,"status":"passed","message":"","name":"/home/runner/work/obsidian-image-converter/obsidian-image-converter/tests/integration/ui/ContextMenu.test.ts"},{"assertionResults":[{"ancestorTitles":["Crop integration behaviors (21.1–21.14)"],"fullName":"Crop integration behaviors (21.1–21.14) 21.1 Selection drawing: drag creates a selection rect with expected bounds","status":"passed","title":"21.1 Selection drawing: drag creates a selection rect with expected bounds","duration":27.506679000000076,"failureMessages":[],"meta":{}},{"ancestorTitles":["Crop integration behaviors (21.1–21.14)"],"fullName":"Crop integration behaviors (21.1–21.14) 21.2 Move and bounds: selection moves within container","status":"passed","title":"21.2 Move and bounds: selection moves within container","duration":13.932008999999994,"failureMessages":[],"meta":{}},{"ancestorTitles":["Crop integration behaviors (21.1–21.14)"],"fullName":"Crop integration behaviors (21.1–21.14) 21.3 Resize handles with aspect ratio preserved and orthogonal adjustment","status":"passed","title":"21.3 Resize handles with aspect ratio preserved and orthogonal adjustment","duration":13.438032000000021,"failureMessages":[],"meta":{}},{"ancestorTitles":["Crop integration behaviors (21.1–21.14)"],"fullName":"Crop integration behaviors (21.1–21.14) 21.4/21.5 Aspect ratio presets and custom ratio adjust existing selection","status":"passed","title":"21.4/21.5 Aspect ratio presets and custom ratio adjust existing selection","duration":12.302058999999986,"failureMessages":[],"meta":{}},{"ancestorTitles":["Crop integration behaviors (21.1–21.14)"],"fullName":"Crop integration behaviors (21.1–21.14) 21.6 Rotate: Given a selection and 90° rotation, When saving, Then output uses the rotated selection bounding box dimensions","status":"passed","title":"21.6 Rotate: Given a selection and 90° rotation, When saving, Then output uses the rotated selection bounding box dimensions","duration":14.765575000000013,"failureMessages":[],"meta":{}},{"ancestorTitles":["Crop integration behaviors (21.1–21.14)"],"fullName":"Crop integration behaviors (21.1–21.14) 21.7 Zoom: Given wheel zoom, When zooming, Then UI updates and image transform includes scale, and Save still succeeds","status":"passed","title":"21.7 Zoom: Given wheel zoom, When zooming, Then UI updates and image transform includes scale, and Save still succeeds","duration":16.37973599999998,"failureMessages":[],"meta":{}},{"ancestorTitles":["Crop integration behaviors (21.1–21.14)"],"fullName":"Crop integration behaviors (21.1–21.14) 21.8 Apply crop: modifyBinary is called when selection present","status":"passed","title":"21.8 Apply crop: modifyBinary is called when selection present","duration":11.519400000000019,"failureMessages":[],"meta":{}},{"ancestorTitles":["Crop integration behaviors (21.1–21.14)"],"fullName":"Crop integration behaviors (21.1–21.14) 21.9 No selection: full image saved without cropping","status":"passed","title":"21.9 No selection: full image saved without cropping","duration":17.858794999999986,"failureMessages":[],"meta":{}},{"ancestorTitles":["Crop integration behaviors (21.1–21.14)"],"fullName":"Crop integration behaviors (21.1–21.14) 21.10 Cancel: Given modal open, When Cancel is clicked, Then it closes without writing","status":"passed","title":"21.10 Cancel: Given modal open, When Cancel is clicked, Then it closes without writing","duration":9.801504000000023,"failureMessages":[],"meta":{}},{"ancestorTitles":["Crop integration behaviors (21.1–21.14)"],"fullName":"Crop integration behaviors (21.1–21.14) 21.10 Reset/escape: Given selection exists, When Escape is pressed, Then selection clears and modal remains open","status":"passed","title":"21.10 Reset/escape: Given selection exists, When Escape is pressed, Then selection clears and modal remains open","duration":10.833581999999979,"failureMessages":[],"meta":{}},{"ancestorTitles":["Crop integration behaviors (21.1–21.14)"],"fullName":"Crop integration behaviors (21.1–21.14) 21.11 MMB panning: Given image loaded, When middle mouse button pressed and dragged, Then image pans via translate transform","status":"passed","title":"21.11 MMB panning: Given image loaded, When middle mouse button pressed and dragged, Then image pans via translate transform","duration":17.05231600000002,"failureMessages":[],"meta":{}},{"ancestorTitles":["Crop integration behaviors (21.1–21.14)"],"fullName":"Crop integration behaviors (21.1–21.14) 21.12 LMB draws selection (not pan): Given image loaded, When left mouse button pressed and dragged, Then selection area drawn without panning","status":"passed","title":"21.12 LMB draws selection (not pan): Given image loaded, When left mouse button pressed and dragged, Then selection area drawn without panning","duration":8.894300999999928,"failureMessages":[],"meta":{}},{"ancestorTitles":["Crop integration behaviors (21.1–21.14)"],"fullName":"Crop integration behaviors (21.1–21.14) 21.13 Pan reset on ESC/Reset: Given pan applied and selection exists, When Escape pressed, Then pan resets to 0,0","status":"passed","title":"21.13 Pan reset on ESC/Reset: Given pan applied and selection exists, When Escape pressed, Then pan resets to 0,0","duration":10.963585999999964,"failureMessages":[],"meta":{}},{"ancestorTitles":["Crop integration behaviors (21.1–21.14)"],"fullName":"Crop integration behaviors (21.1–21.14) 21.14 Panning stops on mouseleave: Given panning in progress, When mouse leaves container, Then panning stops","status":"passed","title":"21.14 Panning stops on mouseleave: Given panning in progress, When mouse leaves container, Then panning stops","duration":7.209839999999986,"failureMessages":[],"meta":{}}],"startTime":1782998621537,"endTime":1782998621730.21,"status":"passed","message":"","name":"/home/runner/work/obsidian-image-converter/obsidian-image-converter/tests/integration/ui/Crop.test.ts"},{"assertionResults":[{"ancestorTitles":["ImageAlignment lifecycle cleanup"],"fullName":"ImageAlignment lifecycle cleanup removes plugin-owned alignment classes from both the main document and active popout document on unload","status":"passed","title":"removes plugin-owned alignment classes from both the main document and active popout document on unload","duration":10.27028699999994,"failureMessages":[],"meta":{}}],"startTime":1782998629629,"endTime":1782998629639.2703,"status":"passed","message":"","name":"/home/runner/work/obsidian-image-converter/obsidian-image-converter/tests/integration/ui/ImageAlignment.test.ts"},{"assertionResults":[{"ancestorTitles":["ImageAlignmentManager (integration-lite) — 12.x behaviors","12.1 Context menu actions"],"fullName":"ImageAlignmentManager (integration-lite) — 12.x behaviors 12.1 Context menu actions 12.1.a updateImageAlignment toggles left/none and saves cache","status":"passed","title":"12.1.a updateImageAlignment toggles left/none and saves cache","duration":14.682637999999997,"failureMessages":[],"meta":{}},{"ancestorTitles":["ImageAlignmentManager (integration-lite) — 12.x behaviors","12.1 Context menu actions"],"fullName":"ImageAlignmentManager (integration-lite) — 12.x behaviors 12.1 Context menu actions 12.1.b selecting center/right applies classes and persists; align=none removes them","status":"passed","title":"12.1.b selecting center/right applies classes and persists; align=none removes them","duration":14.992399999999975,"failureMessages":[],"meta":{}},{"ancestorTitles":["ImageAlignmentManager (integration-lite) — 12.x behaviors","12.2 Wrap toggle"],"fullName":"ImageAlignmentManager (integration-lite) — 12.x behaviors 12.2 Wrap toggle 12.2.a enabling adds image-wrap; disabling adds image-no-wrap","status":"passed","title":"12.2.a enabling adds image-wrap; disabling adds image-no-wrap","duration":9.231855999999993,"failureMessages":[],"meta":{}},{"ancestorTitles":["ImageAlignmentManager (integration-lite) — 12.x behaviors","12.2 Wrap toggle"],"fullName":"ImageAlignmentManager (integration-lite) — 12.x behaviors 12.2 Wrap toggle 12.2.b defaults to left when enabling wrap from none (policy: align=left)","status":"passed","title":"12.2.b defaults to left when enabling wrap from none (policy: align=left)","duration":4.806320000000028,"failureMessages":[],"meta":{}},{"ancestorTitles":["ImageAlignmentManager (integration-lite) — 12.x behaviors"],"fullName":"ImageAlignmentManager (integration-lite) — 12.x behaviors 12.3 cache persistence: saveImageAlignmentToCache stores by note+src hash and survives save/load","status":"passed","title":"12.3 cache persistence: saveImageAlignmentToCache stores by note+src hash and survives save/load","duration":4.550620999999978,"failureMessages":[],"meta":{}},{"ancestorTitles":["ImageAlignmentManager (integration-lite) — 12.x behaviors"],"fullName":"ImageAlignmentManager (integration-lite) — 12.x behaviors 12.4 Cache file location: writes under plugin dir, then under .obsidian (configDir) when setting changes to config","status":"passed","title":"12.4 Cache file location: writes under plugin dir, then under .obsidian (configDir) when setting changes to config","duration":9.781970000000001,"failureMessages":[],"meta":{}},{"ancestorTitles":["ImageAlignmentManager (integration-lite) — 12.x behaviors"],"fullName":"ImageAlignmentManager (integration-lite) — 12.x behaviors 12.5 applyAlignmentsToNote: applies classes and size to both image and parent embed","status":"passed","title":"12.5 applyAlignmentsToNote: applies classes and size to both image and parent embed","duration":5.055819999999926,"failureMessages":[],"meta":{}},{"ancestorTitles":["ImageAlignmentManager (integration-lite) — 12.x behaviors"],"fullName":"ImageAlignmentManager (integration-lite) — 12.x behaviors 12.6 Reading vs edit mode: classes applied to image and parent embed regardless of mode","status":"passed","title":"12.6 Reading vs edit mode: classes applied to image and parent embed regardless of mode","duration":7.9498270000000275,"failureMessages":[],"meta":{}},{"ancestorTitles":["ImageAlignmentManager (integration-lite) — 12.x behaviors"],"fullName":"ImageAlignmentManager (integration-lite) — 12.x behaviors 12.7 Multiple images: distinct cache entries applied per image","status":"passed","title":"12.7 Multiple images: distinct cache entries applied per image","duration":4.853600000000029,"failureMessages":[],"meta":{}},{"ancestorTitles":["ImageAlignmentManager (integration-lite) — 12.x behaviors","12.8 Rename/delete consistency"],"fullName":"ImageAlignmentManager (integration-lite) — 12.x behaviors 12.8 Rename/delete consistency 12.8 remaps keys on image rename and removes entries on delete","status":"passed","title":"12.8 remaps keys on image rename and removes entries on delete","duration":3.6264739999999165,"failureMessages":[],"meta":{}},{"ancestorTitles":["ImageAlignmentManager (integration-lite) — 12.x behaviors","12.9 Cache cleanup"],"fullName":"ImageAlignmentManager (integration-lite) — 12.x behaviors 12.9 Cache cleanup 12.9.a removes entries whose images no longer exist in vault","status":"passed","title":"12.9.a removes entries whose images no longer exist in vault","duration":8.108275000000049,"failureMessages":[],"meta":{}},{"ancestorTitles":["ImageAlignmentManager (integration-lite) — 12.x behaviors","12.9 Cache cleanup"],"fullName":"ImageAlignmentManager (integration-lite) — 12.x behaviors 12.9 Cache cleanup 12.9.b persists updated cache file after pruning","status":"passed","title":"12.9.b persists updated cache file after pruning","duration":2.3594130000000177,"failureMessages":[],"meta":{}},{"ancestorTitles":["ImageAlignmentManager (integration-lite) — 12.x behaviors","12.13 ensureDefaultAlignment"],"fullName":"ImageAlignmentManager (integration-lite) — 12.x behaviors 12.13 ensureDefaultAlignment 12.13.a creates cache entry and returns true when no alignment exists for image","status":"passed","title":"12.13.a creates cache entry and returns true when no alignment exists for image","duration":2.1211359999999786,"failureMessages":[],"meta":{}},{"ancestorTitles":["ImageAlignmentManager (integration-lite) — 12.x behaviors","12.13 ensureDefaultAlignment"],"fullName":"ImageAlignmentManager (integration-lite) — 12.x behaviors 12.13 ensureDefaultAlignment 12.13.b returns false and does not overwrite when alignment already exists","status":"passed","title":"12.13.b returns false and does not overwrite when alignment already exists","duration":2.0688370000000305,"failureMessages":[],"meta":{}},{"ancestorTitles":["ImageAlignmentManager (integration-lite) — 12.x behaviors","12.13 ensureDefaultAlignment"],"fullName":"ImageAlignmentManager (integration-lite) — 12.x behaviors 12.13 ensureDefaultAlignment 12.13.c returns false for empty notePath or imageSrc","status":"passed","title":"12.13.c returns false for empty notePath or imageSrc","duration":2.0829539999999724,"failureMessages":[],"meta":{}},{"ancestorTitles":["ImageAlignmentManager (integration-lite) — 12.x behaviors","12.13 ensureDefaultAlignment"],"fullName":"ImageAlignmentManager (integration-lite) — 12.x behaviors 12.13 ensureDefaultAlignment 12.13.d normalizes imageSrc via getRelativePath before checking/saving","status":"passed","title":"12.13.d normalizes imageSrc via getRelativePath before checking/saving","duration":5.102468000000044,"failureMessages":[],"meta":{}},{"ancestorTitles":["ImageAlignmentManager (integration-lite) — 12.x behaviors","12.14-12.18 applyAlignmentsToNote default alignment behavior"],"fullName":"ImageAlignmentManager (integration-lite) — 12.x behaviors 12.14-12.18 applyAlignmentsToNote default alignment behavior 12.14 applies default alignment to images with no cache entry when defaults are enabled","status":"passed","title":"12.14 applies default alignment to images with no cache entry when defaults are enabled","duration":5.554927000000021,"failureMessages":[],"meta":{}},{"ancestorTitles":["ImageAlignmentManager (integration-lite) — 12.x behaviors","12.14-12.18 applyAlignmentsToNote default alignment behavior"],"fullName":"ImageAlignmentManager (integration-lite) — 12.x behaviors 12.14-12.18 applyAlignmentsToNote default alignment behavior 12.15 does NOT apply default alignment when imageAlignmentDefaultAlignment is none","status":"passed","title":"12.15 does NOT apply default alignment when imageAlignmentDefaultAlignment is none","duration":5.057473000000073,"failureMessages":[],"meta":{}},{"ancestorTitles":["ImageAlignmentManager (integration-lite) — 12.x behaviors","12.14-12.18 applyAlignmentsToNote default alignment behavior"],"fullName":"ImageAlignmentManager (integration-lite) — 12.x behaviors 12.14-12.18 applyAlignmentsToNote default alignment behavior 12.16 does NOT apply default alignment when isImageAlignmentEnabled is false","status":"passed","title":"12.16 does NOT apply default alignment when isImageAlignmentEnabled is false","duration":5.803565000000049,"failureMessages":[],"meta":{}},{"ancestorTitles":["ImageAlignmentManager (integration-lite) — 12.x behaviors","12.14-12.18 applyAlignmentsToNote default alignment behavior"],"fullName":"ImageAlignmentManager (integration-lite) — 12.x behaviors 12.14-12.18 applyAlignmentsToNote default alignment behavior 12.17 applies cached alignment when it exists, ignoring default setting","status":"passed","title":"12.17 applies cached alignment when it exists, ignoring default setting","duration":9.629793999999947,"failureMessages":[],"meta":{}},{"ancestorTitles":["ImageAlignmentManager (integration-lite) — 12.x behaviors","12.14-12.18 applyAlignmentsToNote default alignment behavior"],"fullName":"ImageAlignmentManager (integration-lite) — 12.x behaviors 12.14-12.18 applyAlignmentsToNote default alignment behavior 12.18 applies different alignments to multiple images: cached and default","status":"passed","title":"12.18 applies different alignments to multiple images: cached and default","duration":4.4911690000000135,"failureMessages":[],"meta":{}},{"ancestorTitles":["ImageAlignmentManager (integration-lite) — 12.x behaviors","12.21 saveCache pluginDir guard"],"fullName":"ImageAlignmentManager (integration-lite) — 12.x behaviors 12.21 saveCache pluginDir guard 12.21 saveCache: when pluginDir is empty, returns early without writing","status":"passed","title":"12.21 saveCache: when pluginDir is empty, returns early without writing","duration":6.185431999999992,"failureMessages":[],"meta":{}},{"ancestorTitles":["ImageAlignmentManager (integration-lite) — 12.x behaviors","12.22 initialize error handling"],"fullName":"ImageAlignmentManager (integration-lite) — 12.x behaviors 12.22 initialize error handling 12.22 when applyAlignmentsToNote throws, error is caught and logged, initialization completes","status":"passed","title":"12.22 when applyAlignmentsToNote throws, error is caught and logged, initialization completes","duration":19.750790999999936,"failureMessages":[],"meta":{}},{"ancestorTitles":["ImageAlignmentManager (integration-lite) — 12.x behaviors","12.23 event handler error handling"],"fullName":"ImageAlignmentManager (integration-lite) — 12.x behaviors 12.23 event handler error handling 12.23 when validateNoteCache throws during delete event, error does not propagate (void pattern)","status":"passed","title":"12.23 when validateNoteCache throws during delete event, error does not propagate (void pattern)","duration":12.106878000000052,"failureMessages":[],"meta":{}},{"ancestorTitles":["ImageAlignmentManager (integration-lite) — 12.x behaviors","12.23 event handler error handling"],"fullName":"ImageAlignmentManager (integration-lite) — 12.x behaviors 12.23 event handler error handling 12.23 when validateNoteCache throws during rename event, error does not propagate (void pattern)","status":"passed","title":"12.23 when validateNoteCache throws during rename event, error does not propagate (void pattern)","duration":10.25322499999993,"failureMessages":[],"meta":{}},{"ancestorTitles":["ImageAlignmentManager (integration-lite) — 12.x behaviors","ImageAlignmentManager lifecycle and popout regressions"],"fullName":"ImageAlignmentManager (integration-lite) — 12.x behaviors ImageAlignmentManager lifecycle and popout regressions applies alignments in activeDocument without mutating the inactive main document","status":"passed","title":"applies alignments in activeDocument without mutating the inactive main document","duration":21.026778000000036,"failureMessages":[],"meta":{}},{"ancestorTitles":["ImageAlignmentManager (integration-lite) — 12.x behaviors","ImageAlignmentManager lifecycle and popout regressions"],"fullName":"ImageAlignmentManager (integration-lite) — 12.x behaviors ImageAlignmentManager lifecycle and popout regressions does not mutate another open note in the same active document when images share a src","status":"passed","title":"does not mutate another open note in the
[...]
e path","status":"passed","title":"12.24 updateCacheFilePath with plugin location: uses pluginDir for cache path","duration":4.576318000000015,"failureMessages":[],"meta":{}}],"startTime":1782998625576,"endTime":1782998625649.5764,"status":"passed","message":"","name":"/home/runner/work/obsidian-image-converter/obsidian-image-converter/tests/unit/ui/ImageAlignmentManager.utilities.test.ts"},{"assertionResults":[{"ancestorTitles":["AsyncLock"],"fullName":"AsyncLock Given no lock for key, When acquire is called, Then fn runs immediately and resolves (17.1)","status":"passed","title":"Given no lock for key, When acquire is called, Then fn runs immediately and resolves (17.1)","duration":3.5784529999999677,"failureMessages":[],"meta":{}},{"ancestorTitles":["AsyncLock"],"fullName":"AsyncLock Given a task holds key, When another acquire(k) is scheduled, Then second runs only after first releases (17.2)","status":"passed","title":"Given a task holds key, When another acquire(k) is scheduled, Then second runs only after first releases (17.2)","duration":21.412109999999984,"failureMessages":[],"meta":{}},{"ancestorTitles":["AsyncLock"],"fullName":"AsyncLock Given first task throws, When second is queued, Then lock is released and second executes (17.3)","status":"passed","title":"Given first task throws, When second is queued, Then lock is released and second executes (17.3)","duration":13.357257000000004,"failureMessages":[],"meta":{}},{"ancestorTitles":["AsyncLock"],"fullName":"AsyncLock Given two tasks acquire same key concurrently, Then T1 completes before T2 starts (17.4)","status":"passed","title":"Given two tasks acquire same key concurrently, Then T1 completes before T2 starts (17.4)","duration":16.158089000000018,"failureMessages":[],"meta":{}},{"ancestorTitles":["AsyncLock"],"fullName":"AsyncLock Given tasks for different keys, When started concurrently, Then both can run without blocking each other (17.5)","status":"passed","title":"Given tasks for different keys, When started concurrently, Then both can run without blocking each other (17.5)","duration":12.843964000000028,"failureMessages":[],"meta":{}}],"startTime":1782998624976,"endTime":1782998625042.844,"status":"passed","message":"","name":"/home/runner/work/obsidian-image-converter/obsidian-image-converter/tests/unit/utils/AsyncLock.test.ts"},{"assertionResults":[{"ancestorTitles":["getNoteFolderSegments"],"fullName":"getNoteFolderSegments returns all folder segments for a deep path","status":"passed","title":"returns all folder segments for a deep path","duration":4.896624999999972,"failureMessages":[],"meta":{}},{"ancestorTitles":["getNoteFolderSegments"],"fullName":"getNoteFolderSegments returns two segments for a two-level path","status":"passed","title":"returns two segments for a two-level path","duration":1.6073880000000145,"failureMessages":[],"meta":{}},{"ancestorTitles":["getNoteFolderSegments"],"fullName":"getNoteFolderSegments returns single segment for one-level path","status":"passed","title":"returns single segment for one-level path","duration":0.801625999999942,"failureMessages":[],"meta":{}},{"ancestorTitles":["getNoteFolderSegments"],"fullName":"getNoteFolderSegments returns empty array for root-level note","status":"passed","title":"returns empty array for root-level note","duration":0.7253519999999298,"failureMessages":[],"meta":{}},{"ancestorTitles":["getNoteFolderSegments"],"fullName":"getNoteFolderSegments handles backslash separators","status":"passed","title":"handles backslash separators","duration":0.9582490000000234,"failureMessages":[],"meta":{}},{"ancestorTitles":["resolveBucketPath"],"fullName":"resolveBucketPath depth 2 – deep path returns first two segments","status":"passed","title":"depth 2 – deep path returns first two segments","duration":1.0583070000000134,"failureMessages":[],"meta":{}},{"ancestorTitles":["resolveBucketPath"],"fullName":"resolveBucketPath depth 2 – two-level path returns both segments","status":"passed","title":"depth 2 – two-level path returns both segments","duration":0.7217150000000174,"failureMessages":[],"meta":{}},{"ancestorTitles":["resolveBucketPath"],"fullName":"resolveBucketPath depth 2 – one-level path returns the single available segment","status":"passed","title":"depth 2 – one-level path returns the single available segment","duration":0.7356809999999996,"failureMessages":[],"meta":{}},{"ancestorTitles":["resolveBucketPath"],"fullName":"resolveBucketPath root note returns fallback","status":"passed","title":"root note returns fallback","duration":1.4160589999999047,"failureMessages":[],"meta":{}},{"ancestorTitles":["resolveBucketPath"],"fullName":"resolveBucketPath depth 1 returns only the top folder","status":"passed","title":"depth 1 returns only the top folder","duration":1.1590360000000146,"failureMessages":[],"meta":{}},{"ancestorTitles":["resolveBucketPath"],"fullName":"resolveBucketPath depth 3 on four-level path returns three segments","status":"passed","title":"depth 3 on four-level path returns three segments","duration":1.0714410000000498,"failureMessages":[],"meta":{}},{"ancestorTitles":["resolveBucketPath"],"fullName":"resolveBucketPath depth larger than available segments clamps to available","status":"passed","title":"depth larger than available segments clamps to available","duration":0.9793990000000576,"failureMessages":[],"meta":{}},{"ancestorTitles":["resolveBucketPath"],"fullName":"resolveBucketPath custom fallback is used for root note","status":"passed","title":"custom fallback is used for root note","duration":1.0158069999999952,"failureMessages":[],"meta":{}},{"ancestorTitles":["VariableProcessor bucket path variables"],"fullName":"VariableProcessor bucket path variables {topfolder} = first folder segment","status":"passed","title":"{topfolder} = first folder segment","duration":41.89348200000006,"failureMessages":[],"meta":{}},{"ancestorTitles":["VariableProcessor bucket path variables"],"fullName":"VariableProcessor bucket path variables {topfolder} is empty for vault-root note","status":"passed","title":"{topfolder} is empty for vault-root note","duration":9.41136199999994,"failureMessages":[],"meta":{}},{"ancestorTitles":["VariableProcessor bucket path variables"],"fullName":"VariableProcessor bucket path variables {secondfolder} = second folder segment","status":"passed","title":"{secondfolder} = second folder segment","duration":5.771227000000067,"failureMessages":[],"meta":{}},{"ancestorTitles":["VariableProcessor bucket path variables"],"fullName":"VariableProcessor bucket path variables {secondfolder} is empty when note is one level deep","status":"passed","title":"{secondfolder} is empty when note is one level deep","duration":6.484055000000012,"failureMessages":[],"meta":{}},{"ancestorTitles":["VariableProcessor bucket path variables"],"fullName":"VariableProcessor bucket path variables {bucketpath} returns top two folders for deep note","status":"passed","title":"{bucketpath} returns top two folders for deep note","duration":8.224082000000067,"failureMessages":[],"meta":{}},{"ancestorTitles":["VariableProcessor bucket path variables"],"fullName":"VariableProcessor bucket path variables {bucketpath} returns single folder when note is one level deep","status":"passed","title":"{bucketpath} returns single folder when note is one level deep","duration":5.728045000000066,"failureMessages":[],"meta":{}},{"ancestorTitles":["VariableProcessor bucket path variables"],"fullName":"VariableProcessor bucket path variables {bucketpath} returns fallback for root note","status":"passed","title":"{bucketpath} returns fallback for root note","duration":13.155191000000059,"failureMessages":[],"meta":{}},{"ancestorTitles":["VariableProcessor bucket path variables"],"fullName":"VariableProcessor bucket path variables {bucketpath:1} = top folder only","status":"passed","title":"{bucketpath:1} = top folder only","duration":7.953074000000015,"failureMessages":[],"meta":{}},{"ancestorTitles":["VariableProcessor bucket path variables"],"fullName":"VariableProcessor bucket path variables {bucketpath:2} matches acceptance-check case for Hobbies/3DPrinting","status":"passed","title":"{bucketpath:2} matches acceptance-check case for Hobbies/3DPrinting","duration":8.158648999999969,"failureMessages":[],"meta":{}},{"ancestorTitles":["VariableProcessor bucket path variables"],"fullName":"VariableProcessor bucket path variables {bucketpath:2} for IT Pro/Content Creation/Content Items/Ideas = IT Pro/Content Creation","status":"passed","title":"{bucketpath:2} for IT Pro/Content Creation/Content Items/Ideas = IT Pro/Content Creation","duration":9.44031300000006,"failureMessages":[],"meta":{}},{"ancestorTitles":["VariableProcessor bucket path variables"],"fullName":"VariableProcessor bucket path variables {bucketpath:2} for Life/House = Life/House","status":"passed","title":"{bucketpath:2} for Life/House = Life/House","duration":10.495748000000049,"failureMessages":[],"meta":{}},{"ancestorTitles":["VariableProcessor bucket path variables"],"fullName":"VariableProcessor bucket path variables {bucketpath:2} for SingleFolder = SingleFolder (clamps to available segments)","status":"passed","title":"{bucketpath:2} for SingleFolder = SingleFolder (clamps to available segments)","duration":7.01854800000001,"failureMessages":[],"meta":{}},{"ancestorTitles":["VariableProcessor bucket path variables"],"fullName":"VariableProcessor bucket path variables {bucketpath:2} for RootNote = Inbox (fallback)","status":"passed","title":"{bucketpath:2} for RootNote = Inbox (fallback)","duration":6.5429260000000795,"failureMessages":[],"meta":{}},{"ancestorTitles":["VariableProcessor bucket path variables"],"fullName":"VariableProcessor bucket path variables {bucketpath:3} returns three segments when available","status":"passed","title":"{bucketpath:3} returns three segments when available","duration":6.837929999999915,"failureMessages":[],"meta":{}},{"ancestorTitles":["VariableProcessor bucket path variables"],"fullName":"VariableProcessor bucket path variables {folder:0} = top folder","status":"passed","title":"{folder:0} = top folder","duration":19.365703000000053,"failureMessages":[],"meta":{}},{"ancestorTitles":["VariableProcessor bucket path variables"],"fullName":"VariableProcessor bucket path variables {folder:1} = second folder","status":"passed","title":"{folder:1} = second folder","duration":8.009209999999939,"failureMessages":[],"meta":{}},{"ancestorTitles":["VariableProcessor bucket path variables"],"fullName":"VariableProcessor bucket path variables {folder:2} = third folder","status":"passed","title":"{folder:2} = third folder","duration":5.899377000000072,"failureMessages":[],"meta":{}},{"ancestorTitles":["VariableProcessor bucket path variables"],"fullName":"VariableProcessor bucket path variables {folder:n} is empty when index is out of range","status":"passed","title":"{folder:n} is empty when index is out of range","duration":5.715102000000002,"failureMessages":[],"meta":{}},{"ancestorTitles":["VariableProcessor bucket path variables"],"fullName":"VariableProcessor bucket path variables {attachmentprefix} defaults to note basename","status":"passed","title":"{attachmentprefix} defaults to note basename","duration":5.993984999999952,"failureMessages":[],"meta":{}},{"ancestorTitles":["VariableProcessor bucket path variables"],"fullName":"VariableProcessor bucket path variables {attachmentprefix} uses frontmatter attachment_prefix when present and enabled","status":"passed","title":"{attachmentprefix} uses frontmatter attachment_prefix when present and enabled","duration":6.940202999999997,"failureMessages":[],"meta":{}},{"ancestorTitles":["VariableProcessor bucket path variables"],"fullName":"VariableProcessor bucket path variables folder template _attachments/{bucketpath:2}/ resolves correctly","status":"passed","title":"folder template _attachments/{bucketpath:2}/ resolves correctly","duration":6.98844900000006,"failureMessages":[],"meta":{}}],"startTime":1782998623181,"endTime":1782998623405.9885,"status":"passed","message":"","name":"/home/runner/work/obsidian-image-converter/obsidian-image-converter/tests/unit/variables/BucketPath.test.ts"},{"assertionResults":[{"ancestorTitles":["VariableProcessor core variables"],"fullName":"VariableProcessor core variables 2.1–2.2 imagename and filetype from File input","status":"passed","title":"2.1–2.2 imagename and filetype from File input","duration":46.917696999999976,"failureMessages":[],"meta":{}},{"ancestorTitles":["VariableProcessor core variables"],"fullName":"VariableProcessor core variables 2.3 sizeb from File input","status":"passed","title":"2.3 sizeb from File input","duration":10.49925399999995,"failureMessages":[],"meta":{}},{"ancestorTitles":["VariableProcessor core variables"],"fullName":"VariableProcessor core variables 2.4–2.6 sizeb/sizekb/sizemb with TFile stat; unknown when stat unavailable","status":"passed","title":"2.4–2.6 sizeb/sizekb/sizemb with TFile stat; unknown when stat unavailable","duration":14.037767999999915,"failureMessages":[],"meta":{}},{"ancestorTitles":["VariableProcessor core variables"],"fullName":"VariableProcessor core variables 2.7–2.8 notename and notename_nospaces","status":"passed","title":"2.7–2.8 notename and notename_nospaces","duration":13.778622000000041,"failureMessages":[],"meta":{}},{"ancestorTitles":["VariableProcessor core variables"],"fullName":"VariableProcessor core variables 2.9–2.12 date/time/parts are based on frozen time","status":"passed","title":"2.9–2.12 date/time/parts are based on frozen time","duration":9.610083000000031,"failureMessages":[],"meta":{}},{"ancestorTitles":["VariableProcessor core variables"],"fullName":"VariableProcessor core variables 2.10 date:FORMAT applies custom Moment format strings","status":"passed","title":"2.10 date:FORMAT applies custom Moment format strings","duration":11.355421999999976,"failureMessages":[],"meta":{}},{"ancestorTitles":["VariableProcessor core variables"],"fullName":"VariableProcessor core variables 2.41 unknown variables left unchanged; 2.42 empty template -> empty string; 2.43 malformed tokens unchanged","status":"passed","title":"2.41 unknown variables left unchanged; 2.42 empty template -> empty string; 2.43 malformed tokens unchanged","duration":21.055656000000113,"failureMessages":[],"meta":{}},{"ancestorTitles":["VariableProcessor hashes, random, and uuid"],"fullName":"VariableProcessor hashes, random, and uuid 2.23 MD5 hashing of filename and truncation","status":"passed","title":"2.23 MD5 hashing of filename and truncation","duration":6.785521000000017,"failureMessages":[],"meta":{}},{"ancestorTitles":["VariableProcessor hashes, random, and uuid"],"fullName":"VariableProcessor hashes, random, and uuid 2.23 MD5 of notename/notepath and custom text","status":"passed","title":"2.23 MD5 of notename/notepath and custom text","duration":6.9845849999999245,"failureMessages":[],"meta":{}},{"ancestorTitles":["VariableProcessor hashes, random, and uuid"],"fullName":"VariableProcessor hashes, random, and uuid 2.24 sha256: image content and types","status":"passed","title":"2.24 sha256: image content and types","duration":9.743594999999914,"failureMessages":[],"meta":{}},{"ancestorTitles":["VariableProcessor hashes, random, and uuid"],"fullName":"VariableProcessor hashes, random, and uuid 2.45 MD5 supports mixed-case type tokens and preserves token casing for replacement","status":"passed","title":"2.45 MD5 supports mixed-case type tokens and preserves token casing for replacement","duration":7.224064999999996,"failureMessages":[],"meta":{}},{"ancestorTitles":["VariableProcessor hashes, random, and uuid"],"fullName":"VariableProcessor hashes, random, and uuid 2.46 sha256 supports mixed-case type tokens and preserves token casing for replacement","status":"passed","title":"2.46 sha256 supports mixed-case type tokens and preserves token casing for replacement","duration":6.175676000000067,"failureMessages":[],"meta":{}},{"ancestorTitles":["VariableProcessor hashes, random, and uuid"],"fullName":"VariableProcessor hashes, random, and uuid 2.47 MD5 fullpath hashes TFile.path when file is a vault TFile","status":"passed","title":"2.47 MD5 fullpath hashes TFile.path when file is a vault TFile","duration":6.823212000000012,"failureMessages":[],"meta":{}},{"ancestorTitles":["VariableProcessor hashes, random, and uuid"],"fullName":"VariableProcessor hashes, random, and uuid 2.48 HEIC/TIFF metadata extraction is skipped (no throw; unresolved width/height remain)","status":"passed","title":"2.48 HEIC/TIFF metadata extraction is skipped (no throw; unresolved width/height remain)","duration":8.789013999999952,"failureMessages":[],"meta":{}},{"ancestorTitles":["VariableProcessor hashes, random, and uuid"],"fullName":"VariableProcessor hashes, random, and uuid 2.25 uuid returns RFC 4122 string","status":"passed","title":"2.25 uuid returns RFC 4122 string","duration":22.209791999999993,"failureMessages":[],"meta":{}},{"ancestorTitles":["VariableProcessor hashes, random, and uuid"],"fullName":"VariableProcessor hashes, random, and uuid 2.26 random is 6-char alphanumeric","status":"passed","title":"2.26 random is 6-char alphanumeric","duration":6.9098149999999805,"failureMessages":[],"meta":{}},{"ancestorTitles":["VariableProcessor hashes, random, and uuid"],"fullName":"VariableProcessor hashes, random, and uuid 2.49 vaultpath uses FileSystemAdapter.getBasePath when available; falls back to vault root path otherwise","status":"passed","title":"2.49 vaultpath uses FileSystemAdapter.getBasePath when available; falls back to vault root path otherwise","duration":7.120089000000007,"failureMessages":[],"meta":{}},{"ancestorTitles":["VariableProcessor time and counters"],"fullName":"VariableProcessor time and counters 2.9 date and 2.11 time","status":"passed","title":"2.9 date and 2.11 time","duration":7.836704999999938,"failureMessages":[],"meta":{}},{"ancestorTitles":["VariableProcessor time and counters"],"fullName":"VariableProcessor time and counters 2.29 startofweek and 2.30 endofweek are locale-dependent","status":"passed","title":"2.29 startofweek and 2.30 endofweek are locale-dependent","duration":8.916462000000138,"failureMessages":[],"meta":{}},{"ancestorTitles":["VariableProcessor time and counters"],"fullName":"VariableProcessor time and counters 2.33 nextweek and 2.34 lastweek","status":"passed","title":"2.33 nextweek and 2.34 lastweek","duration":5.186267999999927,"failureMessages":[],"meta":{}},{"ancestorTitles":["VariableProcessor time and counters"],"fullName":"VariableProcessor time and counters 2.40 counter increments per folder and is zero-padded","status":"passed","title":"2.40 counter increments per folder and is zero-padded","duration":5.9180149999999685,"failureMessages":[],"meta":{}},{"ancestorTitles":["VariableProcessor.validateTemplate"],"fullName":"VariableProcessor.validateTemplate 2.44 returns error when using {grandparentfolder} without real grandparent","status":"passed","title":"2.44 returns error when using {grandparentfolder} without real grandparent","duration":13.504263999999921,"failureMessages":[],"meta":{}},{"ancestorTitles":["VariableProcessor.validateTemplate"],"fullName":"VariableProcessor.validateTemplate 2.44 returns error when using {parentfolder} and note is in vault root","status":"passed","title":"2.44 returns error when using {parentfolder} and note is in vault root","duration":5.820650000000114,"failureMessages":[],"meta":{}},{"ancestorTitles":["VariableProcessor.validateTemplate"],"fullName":"VariableProcessor.validateTemplate 2.44 valid=true when constraints satisfied","status":"passed","title":"2.44 valid=true when constraints satisfied","duration":6.175525999999991,"failureMessages":[],"meta":{}}],"startTime":1782998620436,"endTime":1782998620706.1755,"status":"passed","message":"","name":"/home/runner/work/obsidian-image-converter/obsidian-image-converter/tests/unit/variables/VariableProcessor.test.ts"}]}